<?xml version="1.0" encoding="UTF-8"?>
<testsuite xmlns:xsi="http://www.w3.org/2001/XMLSchema-instance" xsi:noNamespaceSchemaLocation="https://maven.apache.org/surefire/maven-surefire-plugin/xsd/surefire-test-report-3.0.xsd" version="3.0" name="dubbo_seata.dubbo_common.DubboCommonApplicationTests" time="0.131" tests="1" errors="1" skipped="0" failures="0">
  <properties>
    <property name="java.specification.version" value="17"/>
    <property name="sun.cpu.isalist" value="amd64"/>
    <property name="sun.jnu.encoding" value="GBK"/>
    <property name="java.class.path" value="E:\24-25学年度下半学年\微服务\Dubbo_seata_Demo\Dubbo_Common\target\test-classes;E:\24-25学年度下半学年\微服务\Dubbo_seata_Demo\Dubbo_Common\target\classes;D:\tomcatandmaven\apache-maven-3.9.9-bin\maven-repository\com\alibaba\cloud\spring-cloud-starter-alibaba-nacos-discovery\2023.0.3.2\spring-cloud-starter-alibaba-nacos-discovery-2023.0.3.2.jar;D:\tomcatandmaven\apache-maven-3.9.9-bin\maven-repository\com\alibaba\cloud\spring-cloud-alibaba-commons\2023.0.3.2\spring-cloud-alibaba-commons-2023.0.3.2.jar;D:\tomcatandmaven\apache-maven-3.9.9-bin\maven-repository\com\alibaba\nacos\nacos-client\2.5.0\nacos-client-2.5.0.jar;D:\tomcatandmaven\apache-maven-3.9.9-bin\maven-repository\com\alibaba\nacos\nacos-auth-plugin\2.5.0\nacos-auth-plugin-2.5.0.jar;D:\tomcatandmaven\apache-maven-3.9.9-bin\maven-repository\com\alibaba\nacos\nacos-encryption-plugin\2.5.0\nacos-encryption-plugin-2.5.0.jar;D:\tomcatandmaven\apache-maven-3.9.9-bin\maven-repository\com\alibaba\nacos\nacos-logback-adapter-12\2.5.0\nacos-logback-adapter-12-2.5.0.jar;D:\tomcatandmaven\apache-maven-3.9.9-bin\maven-repository\com\alibaba\nacos\logback-adapter\1.1.3\logback-adapter-1.1.3.jar;D:\tomcatandmaven\apache-maven-3.9.9-bin\maven-repository\com\alibaba\nacos\nacos-log4j2-adapter\2.5.0\nacos-log4j2-adapter-2.5.0.jar;D:\tomcatandmaven\apache-maven-3.9.9-bin\maven-repository\commons-codec\commons-codec\1.16.1\commons-codec-1.16.1.jar;D:\tomcatandmaven\apache-maven-3.9.9-bin\maven-repository\com\fasterxml\jackson\core\jackson-core\2.18.2\jackson-core-2.18.2.jar;D:\tomcatandmaven\apache-maven-3.9.9-bin\maven-repository\com\fasterxml\jackson\core\jackson-databind\2.18.2\jackson-databind-2.18.2.jar;D:\tomcatandmaven\apache-maven-3.9.9-bin\maven-repository\com\fasterxml\jackson\core\jackson-annotations\2.18.2\jackson-annotations-2.18.2.jar;D:\tomcatandmaven\apache-maven-3.9.9-bin\maven-repository\org\apache\httpcomponents\httpasyncclient\4.1.5\httpasyncclient-4.1.5.jar;D:\tomcatandmaven\apache-maven-3.9.9-bin\maven-repository\org\apache\httpcomponents\httpcore-nio\4.4.16\httpcore-nio-4.4.16.jar;D:\tomcatandmaven\apache-maven-3.9.9-bin\maven-repository\org\apache\httpcomponents\httpclient\4.5.14\httpclient-4.5.14.jar;D:\tomcatandmaven\apache-maven-3.9.9-bin\maven-repository\org\apache\httpcomponents\httpcore\4.4.16\httpcore-4.4.16.jar;D:\tomcatandmaven\apache-maven-3.9.9-bin\maven-repository\io\prometheus\simpleclient\0.16.0\simpleclient-0.16.0.jar;D:\tomcatandmaven\apache-maven-3.9.9-bin\maven-repository\io\prometheus\simpleclient_tracer_otel\0.16.0\simpleclient_tracer_otel-0.16.0.jar;D:\tomcatandmaven\apache-maven-3.9.9-bin\maven-repository\io\prometheus\simpleclient_tracer_common\0.16.0\simpleclient_tracer_common-0.16.0.jar;D:\tomcatandmaven\apache-maven-3.9.9-bin\maven-repository\io\prometheus\simpleclient_tracer_otel_agent\0.16.0\simpleclient_tracer_otel_agent-0.16.0.jar;D:\tomcatandmaven\apache-maven-3.9.9-bin\maven-repository\io\micrometer\micrometer-core\1.14.4\micrometer-core-1.14.4.jar;D:\tomcatandmaven\apache-maven-3.9.9-bin\maven-repository\io\micrometer\micrometer-commons\1.14.4\micrometer-commons-1.14.4.jar;D:\tomcatandmaven\apache-maven-3.9.9-bin\maven-repository\io\micrometer\micrometer-observation\1.14.4\micrometer-observation-1.14.4.jar;D:\tomcatandmaven\apache-maven-3.9.9-bin\maven-repository\org\hdrhistogram\HdrHistogram\2.2.2\HdrHistogram-2.2.2.jar;D:\tomcatandmaven\apache-maven-3.9.9-bin\maven-repository\org\latencyutils\LatencyUtils\2.0.3\LatencyUtils-2.0.3.jar;D:\tomcatandmaven\apache-maven-3.9.9-bin\maven-repository\org\springframework\cloud\spring-cloud-commons\4.1.4\spring-cloud-commons-4.1.4.jar;D:\tomcatandmaven\apache-maven-3.9.9-bin\maven-repository\org\springframework\security\spring-security-crypto\5.8.16\spring-security-crypto-5.8.16.jar;D:\tomcatandmaven\apache-maven-3.9.9-bin\maven-repository\org\springframework\cloud\spring-cloud-context\4.1.4\spring-cloud-context-4.1.4.jar;D:\tomcatandmaven\apache-maven-3.9.9-bin\maven-repository\com\alibaba\cloud\spring-cloud-starter-alibaba-nacos-config\2023.0.3.2\spring-cloud-starter-alibaba-nacos-config-2023.0.3.2.jar;D:\tomcatandmaven\apache-maven-3.9.9-bin\maven-repository\com\alibaba\cloud\spring-alibaba-nacos-config\2023.0.3.2\spring-alibaba-nacos-config-2023.0.3.2.jar;D:\tomcatandmaven\apache-maven-3.9.9-bin\maven-repository\org\springframework\spring-web\5.3.39\spring-web-5.3.39.jar;D:\tomcatandmaven\apache-maven-3.9.9-bin\maven-repository\org\springframework\spring-beans\5.3.39\spring-beans-5.3.39.jar;D:\tomcatandmaven\apache-maven-3.9.9-bin\maven-repository\org\slf4j\slf4j-api\2.0.16\slf4j-api-2.0.16.jar;D:\tomcatandmaven\apache-maven-3.9.9-bin\maven-repository\jakarta\annotation\jakarta.annotation-api\2.1.1\jakarta.annotation-api-2.1.1.jar;D:\tomcatandmaven\apache-maven-3.9.9-bin\maven-repository\org\springframework\boot\spring-boot-starter\3.3.4\spring-boot-starter-3.3.4.jar;D:\tomcatandmaven\apache-maven-3.9.9-bin\maven-repository\org\springframework\boot\spring-boot\3.3.4\spring-boot-3.3.4.jar;D:\tomcatandmaven\apache-maven-3.9.9-bin\maven-repository\org\springframework\spring-context\5.3.39\spring-context-5.3.39.jar;D:\tomcatandmaven\apache-maven-3.9.9-bin\maven-repository\org\springframework\spring-aop\5.3.39\spring-aop-5.3.39.jar;D:\tomcatandmaven\apache-maven-3.9.9-bin\maven-repository\org\springframework\spring-expression\5.3.39\spring-expression-5.3.39.jar;D:\tomcatandmaven\apache-maven-3.9.9-bin\maven-repository\org\springframework\boot\spring-boot-autoconfigure\3.3.4\spring-boot-autoconfigure-3.3.4.jar;D:\tomcatandmaven\apache-maven-3.9.9-bin\maven-repository\org\springframework\boot\spring-boot-starter-logging\3.3.4\spring-boot-starter-logging-3.3.4.jar;D:\tomcatandmaven\apache-maven-3.9.9-bin\maven-repository\ch\qos\logback\logback-classic\1.5.8\logback-classic-1.5.8.jar;D:\tomcatandmaven\apache-maven-3.9.9-bin\maven-repository\ch\qos\logback\logback-core\1.5.8\logback-core-1.5.8.jar;D:\tomcatandmaven\apache-maven-3.9.9-bin\maven-repository\org\apache\logging\log4j\log4j-to-slf4j\2.17.2\log4j-to-slf4j-2.17.2.jar;D:\tomcatandmaven\apache-maven-3.9.9-bin\maven-repository\org\apache\logging\log4j\log4j-api\2.24.3\log4j-api-2.24.3.jar;D:\tomcatandmaven\apache-maven-3.9.9-bin\maven-repository\org\slf4j\jul-to-slf4j\2.0.16\jul-to-slf4j-2.0.16.jar;D:\tomcatandmaven\apache-maven-3.9.9-bin\maven-repository\org\springframework\spring-core\5.3.39\spring-core-5.3.39.jar;D:\tomcatandmaven\apache-maven-3.9.9-bin\maven-repository\org\springframework\spring-jcl\5.3.39\spring-jcl-5.3.39.jar;D:\tomcatandmaven\apache-maven-3.9.9-bin\maven-repository\org\yaml\snakeyaml\2.2\snakeyaml-2.2.jar;D:\tomcatandmaven\apache-maven-3.9.9-bin\maven-repository\org\springframework\boot\spring-boot-starter-test\3.3.4\spring-boot-starter-test-3.3.4.jar;D:\tomcatandmaven\apache-maven-3.9.9-bin\maven-repository\org\springframework\boot\spring-boot-test\3.3.4\spring-boot-test-3.3.4.jar;D:\tomcatandmaven\apache-maven-3.9.9-bin\maven-repository\org\springframework\boot\spring-boot-test-autoconfigure\3.3.4\spring-boot-test-autoconfigure-3.3.4.jar;D:\tomcatandmaven\apache-maven-3.9.9-bin\maven-repository\com\jayway\jsonpath\json-path\2.9.0\json-path-2.9.0.jar;D:\tomcatandmaven\apache-maven-3.9.9-bin\maven-repository\jakarta\xml\bind\jakarta.xml.bind-api\4.0.2\jakarta.xml.bind-api-4.0.2.jar;D:\tomcatandmaven\apache-maven-3.9.9-bin\maven-repository\jakarta\activation\jakarta.activation-api\2.1.3\jakarta.activation-api-2.1.3.jar;D:\tomcatandmaven\apache-maven-3.9.9-bin\maven-repository\net\minidev\json-smart\2.5.1\json-smart-2.5.1.jar;D:\tomcatandmaven\apache-maven-3.9.9-bin\maven-repository\net\minidev\accessors-smart\2.5.1\accessors-smart-2.5.1.jar;D:\tomcatandmaven\apache-maven-3.9.9-bin\maven-repository\org\ow2\asm\asm\9.6\asm-9.6.jar;D:\tomcatandmaven\apache-maven-3.9.9-bin\maven-repository\org\assertj\assertj-core\3.22.0\assertj-core-3.22.0.jar;D:\tomcatandmaven\apache-maven-3.9.9-bin\maven-repository\org\awaitility\awaitility\4.2.2\awaitility-4.2.2.jar;D:\tomcatandmaven\apache-maven-3.9.9-bin\maven-repository\org\hamcrest\hamcrest\2.2\hamcrest-2.2.jar;D:\tomcatandmaven\apache-maven-3.9.9-bin\maven-repository\org\junit\jupiter\junit-jupiter\5.8.2\junit-jupiter-5.8.2.jar;D:\tomcatandmaven\apache-maven-3.9.9-bin\maven-repository\org\junit\jupiter\junit-jupiter-api\5.12.0\junit-jupiter-api-5.12.0.jar;D:\tomcatandmaven\apache-maven-3.9.9-bin\maven-repository\org\opentest4j\opentest4j\1.3.0\opentest4j-1.3.0.jar;D:\tomcatandmaven\apache-maven-3.9.9-bin\maven-repository\org\junit\platform\junit-platform-commons\1.12.0\junit-platform-commons-1.12.0.jar;D:\tomcatandmaven\apache-maven-3.9.9-bin\maven-repository\org\apiguardian\apiguardian-api\1.1.2\apiguardian-api-1.1.2.jar;D:\tomcatandmaven\apache-maven-3.9.9-bin\maven-repository\org\junit\jupiter\junit-jupiter-params\5.12.0\junit-jupiter-params-5.12.0.jar;D:\tomcatandmaven\apache-maven-3.9.9-bin\maven-repository\org\junit\jupiter\junit-jupiter-engine\5.12.0\junit-jupiter-engine-5.12.0.jar;D:\tomcatandmaven\apache-maven-3.9.9-bin\maven-repository\org\junit\platform\junit-platform-engine\1.12.0\junit-platform-engine-1.12.0.jar;D:\tomcatandmaven\apache-maven-3.9.9-bin\maven-repository\org\mockito\mockito-core\4.11.0\mockito-core-4.11.0.jar;D:\tomcatandmaven\apache-maven-3.9.9-bin\maven-repository\net\bytebuddy\byte-buddy\1.14.19\byte-buddy-1.14.19.jar;D:\tomcatandmaven\apache-maven-3.9.9-bin\maven-repository\net\bytebuddy\byte-buddy-agent\1.14.19\byte-buddy-agent-1.14.19.jar;D:\tomcatandmaven\apache-maven-3.9.9-bin\maven-repository\org\objenesis\objenesis\3.3\objenesis-3.3.jar;D:\tomcatandmaven\apache-maven-3.9.9-bin\maven-repository\org\mockito\mockito-junit-jupiter\4.5.1\mockito-junit-jupiter-4.5.1.jar;D:\tomcatandmaven\apache-maven-3.9.9-bin\maven-repository\org\skyscreamer\jsonassert\1.5.3\jsonassert-1.5.3.jar;D:\tomcatandmaven\apache-maven-3.9.9-bin\maven-repository\com\vaadin\external\google\android-json\0.0.20131108.vaadin1\android-json-0.0.20131108.vaadin1.jar;D:\tomcatandmaven\apache-maven-3.9.9-bin\maven-repository\org\springframework\spring-test\5.3.39\spring-test-5.3.39.jar;D:\tomcatandmaven\apache-maven-3.9.9-bin\maven-repository\org\xmlunit\xmlunit-core\2.9.1\xmlunit-core-2.9.1.jar;D:\tomcatandmaven\apache-maven-3.9.9-bin\maven-repository\org\projectlombok\lombok\1.18.34\lombok-1.18.34.jar;"/>
    <property name="java.vm.vendor" value="Oracle Corporation"/>
    <property name="sun.arch.data.model" value="64"/>
    <property name="user.variant" value=""/>
    <property name="java.vendor.url" value="https://java.oracle.com/"/>
    <property name="user.timezone" value="Asia/Shanghai"/>
    <property name="os.name" value="Windows 10"/>
    <property name="java.vm.specification.version" value="17"/>
    <property name="sun.java.launcher" value="SUN_STANDARD"/>
    <property name="user.country" value="CN"/>
    <property name="sun.boot.library.path" value="D:\Java\bin"/>
    <property name="sun.java.command" value="D:\Tempfile\AppData\Local\Temp\surefire4606883359359677001\surefirebooter-20250407225649097_3.jar D:\Tempfile\AppData\Local\Temp\surefire4606883359359677001 2025-04-07T22-56-47_135-jvmRun1 surefire-20250407225649097_1tmp surefire_0-20250407225649097_2tmp"/>
    <property name="jdk.debug" value="release"/>
    <property name="surefire.test.class.path" value="E:\24-25学年度下半学年\微服务\Dubbo_seata_Demo\Dubbo_Common\target\test-classes;E:\24-25学年度下半学年\微服务\Dubbo_seata_Demo\Dubbo_Common\target\classes;D:\tomcatandmaven\apache-maven-3.9.9-bin\maven-repository\com\alibaba\cloud\spring-cloud-starter-alibaba-nacos-discovery\2023.0.3.2\spring-cloud-starter-alibaba-nacos-discovery-2023.0.3.2.jar;D:\tomcatandmaven\apache-maven-3.9.9-bin\maven-repository\com\alibaba\cloud\spring-cloud-alibaba-commons\2023.0.3.2\spring-cloud-alibaba-commons-2023.0.3.2.jar;D:\tomcatandmaven\apache-maven-3.9.9-bin\maven-repository\com\alibaba\nacos\nacos-client\2.5.0\nacos-client-2.5.0.jar;D:\tomcatandmaven\apache-maven-3.9.9-bin\maven-repository\com\alibaba\nacos\nacos-auth-plugin\2.5.0\nacos-auth-plugin-2.5.0.jar;D:\tomcatandmaven\apache-maven-3.9.9-bin\maven-repository\com\alibaba\nacos\nacos-encryption-plugin\2.5.0\nacos-encryption-plugin-2.5.0.jar;D:\tomcatandmaven\apache-maven-3.9.9-bin\maven-repository\com\alibaba\nacos\nacos-logback-adapter-12\2.5.0\nacos-logback-adapter-12-2.5.0.jar;D:\tomcatandmaven\apache-maven-3.9.9-bin\maven-repository\com\alibaba\nacos\logback-adapter\1.1.3\logback-adapter-1.1.3.jar;D:\tomcatandmaven\apache-maven-3.9.9-bin\maven-repository\com\alibaba\nacos\nacos-log4j2-adapter\2.5.0\nacos-log4j2-adapter-2.5.0.jar;D:\tomcatandmaven\apache-maven-3.9.9-bin\maven-repository\commons-codec\commons-codec\1.16.1\commons-codec-1.16.1.jar;D:\tomcatandmaven\apache-maven-3.9.9-bin\maven-repository\com\fasterxml\jackson\core\jackson-core\2.18.2\jackson-core-2.18.2.jar;D:\tomcatandmaven\apache-maven-3.9.9-bin\maven-repository\com\fasterxml\jackson\core\jackson-databind\2.18.2\jackson-databind-2.18.2.jar;D:\tomcatandmaven\apache-maven-3.9.9-bin\maven-repository\com\fasterxml\jackson\core\jackson-annotations\2.18.2\jackson-annotations-2.18.2.jar;D:\tomcatandmaven\apache-maven-3.9.9-bin\maven-repository\org\apache\httpcomponents\httpasyncclient\4.1.5\httpasyncclient-4.1.5.jar;D:\tomcatandmaven\apache-maven-3.9.9-bin\maven-repository\org\apache\httpcomponents\httpcore-nio\4.4.16\httpcore-nio-4.4.16.jar;D:\tomcatandmaven\apache-maven-3.9.9-bin\maven-repository\org\apache\httpcomponents\httpclient\4.5.14\httpclient-4.5.14.jar;D:\tomcatandmaven\apache-maven-3.9.9-bin\maven-repository\org\apache\httpcomponents\httpcore\4.4.16\httpcore-4.4.16.jar;D:\tomcatandmaven\apache-maven-3.9.9-bin\maven-repository\io\prometheus\simpleclient\0.16.0\simpleclient-0.16.0.jar;D:\tomcatandmaven\apache-maven-3.9.9-bin\maven-repository\io\prometheus\simpleclient_tracer_otel\0.16.0\simpleclient_tracer_otel-0.16.0.jar;D:\tomcatandmaven\apache-maven-3.9.9-bin\maven-repository\io\prometheus\simpleclient_tracer_common\0.16.0\simpleclient_tracer_common-0.16.0.jar;D:\tomcatandmaven\apache-maven-3.9.9-bin\maven-repository\io\prometheus\simpleclient_tracer_otel_agent\0.16.0\simpleclient_tracer_otel_agent-0.16.0.jar;D:\tomcatandmaven\apache-maven-3.9.9-bin\maven-repository\io\micrometer\micrometer-core\1.14.4\micrometer-core-1.14.4.jar;D:\tomcatandmaven\apache-maven-3.9.9-bin\maven-repository\io\micrometer\micrometer-commons\1.14.4\micrometer-commons-1.14.4.jar;D:\tomcatandmaven\apache-maven-3.9.9-bin\maven-repository\io\micrometer\micrometer-observation\1.14.4\micrometer-observation-1.14.4.jar;D:\tomcatandmaven\apache-maven-3.9.9-bin\maven-repository\org\hdrhistogram\HdrHistogram\2.2.2\HdrHistogram-2.2.2.jar;D:\tomcatandmaven\apache-maven-3.9.9-bin\maven-repository\org\latencyutils\LatencyUtils\2.0.3\LatencyUtils-2.0.3.jar;D:\tomcatandmaven\apache-maven-3.9.9-bin\maven-repository\org\springframework\cloud\spring-cloud-commons\4.1.4\spring-cloud-commons-4.1.4.jar;D:\tomcatandmaven\apache-maven-3.9.9-bin\maven-repository\org\springframework\security\spring-security-crypto\5.8.16\spring-security-crypto-5.8.16.jar;D:\tomcatandmaven\apache-maven-3.9.9-bin\maven-repository\org\springframework\cloud\spring-cloud-context\4.1.4\spring-cloud-context-4.1.4.jar;D:\tomcatandmaven\apache-maven-3.9.9-bin\maven-repository\com\alibaba\cloud\spring-cloud-starter-alibaba-nacos-config\2023.0.3.2\spring-cloud-starter-alibaba-nacos-config-2023.0.3.2.jar;D:\tomcatandmaven\apache-maven-3.9.9-bin\maven-repository\com\alibaba\cloud\spring-alibaba-nacos-config\2023.0.3.2\spring-alibaba-nacos-config-2023.0.3.2.jar;D:\tomcatandmaven\apache-maven-3.9.9-bin\maven-repository\org\springframework\spring-web\5.3.39\spring-web-5.3.39.jar;D:\tomcatandmaven\apache-maven-3.9.9-bin\maven-repository\org\springframework\spring-beans\5.3.39\spring-beans-5.3.39.jar;D:\tomcatandmaven\apache-maven-3.9.9-bin\maven-repository\org\slf4j\slf4j-api\2.0.16\slf4j-api-2.0.16.jar;D:\tomcatandmaven\apache-maven-3.9.9-bin\maven-repository\jakarta\annotation\jakarta.annotation-api\2.1.1\jakarta.annotation-api-2.1.1.jar;D:\tomcatandmaven\apache-maven-3.9.9-bin\maven-repository\org\springframework\boot\spring-boot-starter\3.3.4\spring-boot-starter-3.3.4.jar;D:\tomcatandmaven\apache-maven-3.9.9-bin\maven-repository\org\springframework\boot\spring-boot\3.3.4\spring-boot-3.3.4.jar;D:\tomcatandmaven\apache-maven-3.9.9-bin\maven-repository\org\springframework\spring-context\5.3.39\spring-context-5.3.39.jar;D:\tomcatandmaven\apache-maven-3.9.9-bin\maven-repository\org\springframework\spring-aop\5.3.39\spring-aop-5.3.39.jar;D:\tomcatandmaven\apache-maven-3.9.9-bin\maven-repository\org\springframework\spring-expression\5.3.39\spring-expression-5.3.39.jar;D:\tomcatandmaven\apache-maven-3.9.9-bin\maven-repository\org\springframework\boot\spring-boot-autoconfigure\3.3.4\spring-boot-autoconfigure-3.3.4.jar;D:\tomcatandmaven\apache-maven-3.9.9-bin\maven-repository\org\springframework\boot\spring-boot-starter-logging\3.3.4\spring-boot-starter-logging-3.3.4.jar;D:\tomcatandmaven\apache-maven-3.9.9-bin\maven-repository\ch\qos\logback\logback-classic\1.5.8\logback-classic-1.5.8.jar;D:\tomcatandmaven\apache-maven-3.9.9-bin\maven-repository\ch\qos\logback\logback-core\1.5.8\logback-core-1.5.8.jar;D:\tomcatandmaven\apache-maven-3.9.9-bin\maven-repository\org\apache\logging\log4j\log4j-to-slf4j\2.17.2\log4j-to-slf4j-2.17.2.jar;D:\tomcatandmaven\apache-maven-3.9.9-bin\maven-repository\org\apache\logging\log4j\log4j-api\2.24.3\log4j-api-2.24.3.jar;D:\tomcatandmaven\apache-maven-3.9.9-bin\maven-repository\org\slf4j\jul-to-slf4j\2.0.16\jul-to-slf4j-2.0.16.jar;D:\tomcatandmaven\apache-maven-3.9.9-bin\maven-repository\org\springframework\spring-core\5.3.39\spring-core-5.3.39.jar;D:\tomcatandmaven\apache-maven-3.9.9-bin\maven-repository\org\springframework\spring-jcl\5.3.39\spring-jcl-5.3.39.jar;D:\tomcatandmaven\apache-maven-3.9.9-bin\maven-repository\org\yaml\snakeyaml\2.2\snakeyaml-2.2.jar;D:\tomcatandmaven\apache-maven-3.9.9-bin\maven-repository\org\springframework\boot\spring-boot-starter-test\3.3.4\spring-boot-starter-test-3.3.4.jar;D:\tomcatandmaven\apache-maven-3.9.9-bin\maven-repository\org\springframework\boot\spring-boot-test\3.3.4\spring-boot-test-3.3.4.jar;D:\tomcatandmaven\apache-maven-3.9.9-bin\maven-repository\org\springframework\boot\spring-boot-test-autoconfigure\3.3.4\spring-boot-test-autoconfigure-3.3.4.jar;D:\tomcatandmaven\apache-maven-3.9.9-bin\maven-repository\com\jayway\jsonpath\json-path\2.9.0\json-path-2.9.0.jar;D:\tomcatandmaven\apache-maven-3.9.9-bin\maven-repository\jakarta\xml\bind\jakarta.xml.bind-api\4.0.2\jakarta.xml.bind-api-4.0.2.jar;D:\tomcatandmaven\apache-maven-3.9.9-bin\maven-repository\jakarta\activation\jakarta.activation-api\2.1.3\jakarta.activation-api-2.1.3.jar;D:\tomcatandmaven\apache-maven-3.9.9-bin\maven-repository\net\minidev\json-smart\2.5.1\json-smart-2.5.1.jar;D:\tomcatandmaven\apache-maven-3.9.9-bin\maven-repository\net\minidev\accessors-smart\2.5.1\accessors-smart-2.5.1.jar;D:\tomcatandmaven\apache-maven-3.9.9-bin\maven-repository\org\ow2\asm\asm\9.6\asm-9.6.jar;D:\tomcatandmaven\apache-maven-3.9.9-bin\maven-repository\org\assertj\assertj-core\3.22.0\assertj-core-3.22.0.jar;D:\tomcatandmaven\apache-maven-3.9.9-bin\maven-repository\org\awaitility\awaitility\4.2.2\awaitility-4.2.2.jar;D:\tomcatandmaven\apache-maven-3.9.9-bin\maven-repository\org\hamcrest\hamcrest\2.2\hamcrest-2.2.jar;D:\tomcatandmaven\apache-maven-3.9.9-bin\maven-repository\org\junit\jupiter\junit-jupiter\5.8.2\junit-jupiter-5.8.2.jar;D:\tomcatandmaven\apache-maven-3.9.9-bin\maven-repository\org\junit\jupiter\junit-jupiter-api\5.12.0\junit-jupiter-api-5.12.0.jar;D:\tomcatandmaven\apache-maven-3.9.9-bin\maven-repository\org\opentest4j\opentest4j\1.3.0\opentest4j-1.3.0.jar;D:\tomcatandmaven\apache-maven-3.9.9-bin\maven-repository\org\junit\platform\junit-platform-commons\1.12.0\junit-platform-commons-1.12.0.jar;D:\tomcatandmaven\apache-maven-3.9.9-bin\maven-repository\org\apiguardian\apiguardian-api\1.1.2\apiguardian-api-1.1.2.jar;D:\tomcatandmaven\apache-maven-3.9.9-bin\maven-repository\org\junit\jupiter\junit-jupiter-params\5.12.0\junit-jupiter-params-5.12.0.jar;D:\tomcatandmaven\apache-maven-3.9.9-bin\maven-repository\org\junit\jupiter\junit-jupiter-engine\5.12.0\junit-jupiter-engine-5.12.0.jar;D:\tomcatandmaven\apache-maven-3.9.9-bin\maven-repository\org\junit\platform\junit-platform-engine\1.12.0\junit-platform-engine-1.12.0.jar;D:\tomcatandmaven\apache-maven-3.9.9-bin\maven-repository\org\mockito\mockito-core\4.11.0\mockito-core-4.11.0.jar;D:\tomcatandmaven\apache-maven-3.9.9-bin\maven-repository\net\bytebuddy\byte-buddy\1.14.19\byte-buddy-1.14.19.jar;D:\tomcatandmaven\apache-maven-3.9.9-bin\maven-repository\net\bytebuddy\byte-buddy-agent\1.14.19\byte-buddy-agent-1.14.19.jar;D:\tomcatandmaven\apache-maven-3.9.9-bin\maven-repository\org\objenesis\objenesis\3.3\objenesis-3.3.jar;D:\tomcatandmaven\apache-maven-3.9.9-bin\maven-repository\org\mockito\mockito-junit-jupiter\4.5.1\mockito-junit-jupiter-4.5.1.jar;D:\tomcatandmaven\apache-maven-3.9.9-bin\maven-repository\org\skyscreamer\jsonassert\1.5.3\jsonassert-1.5.3.jar;D:\tomcatandmaven\apache-maven-3.9.9-bin\maven-repository\com\vaadin\external\google\android-json\0.0.20131108.vaadin1\android-json-0.0.20131108.vaadin1.jar;D:\tomcatandmaven\apache-maven-3.9.9-bin\maven-repository\org\springframework\spring-test\5.3.39\spring-test-5.3.39.jar;D:\tomcatandmaven\apache-maven-3.9.9-bin\maven-repository\org\xmlunit\xmlunit-core\2.9.1\xmlunit-core-2.9.1.jar;D:\tomcatandmaven\apache-maven-3.9.9-bin\maven-repository\org\projectlombok\lombok\1.18.34\lombok-1.18.34.jar;"/>
    <property name="sun.cpu.endian" value="little"/>
    <property name="user.home" value="C:\Users\Yu&apos;S&apos;hui&apos;shen"/>
    <property name="user.language" value="zh"/>
    <property name="java.specification.vendor" value="Oracle Corporation"/>
    <property name="java.version.date" value="2023-01-17"/>
    <property name="java.home" value="D:\Java"/>
    <property name="file.separator" value="\"/>
    <property name="basedir" value="E:\24-25学年度下半学年\微服务\Dubbo_seata_Demo\Dubbo_Common"/>
    <property name="java.vm.compressedOopsMode" value="Zero based"/>
    <property name="line.separator" value="&#10;"/>
    <property name="java.vm.specification.vendor" value="Oracle Corporation"/>
    <property name="java.specification.name" value="Java Platform API Specification"/>
    <property name="surefire.real.class.path" value="D:\Tempfile\AppData\Local\Temp\surefire4606883359359677001\surefirebooter-20250407225649097_3.jar"/>
    <property name="user.script" value=""/>
    <property name="sun.management.compiler" value="HotSpot 64-Bit Tiered Compilers"/>
    <property name="java.runtime.version" value="17.0.6+9-LTS-190"/>
    <property name="user.name" value="Yu&apos;S&apos;hui&apos;shen"/>
    <property name="path.separator" value=";"/>
    <property name="os.version" value="10.0"/>
    <property name="java.runtime.name" value="Java(TM) SE Runtime Environment"/>
    <property name="file.encoding" value="GBK"/>
    <property name="java.vm.name" value="Java HotSpot(TM) 64-Bit Server VM"/>
    <property name="localRepository" value="D:\tomcatandmaven\apache-maven-3.9.9-bin\maven-repository"/>
    <property name="java.vendor.url.bug" value="https://bugreport.java.com/bugreport/"/>
    <property name="java.io.tmpdir" value="D:\Tempfile\AppData\Local\Temp\"/>
    <property name="idea.version" value="2024.1.7"/>
    <property name="java.version" value="17.0.6"/>
    <property name="user.dir" value="E:\24-25学年度下半学年\微服务\Dubbo_seata_Demo\Dubbo_Common"/>
    <property name="os.arch" value="amd64"/>
    <property name="java.vm.specification.name" value="Java Virtual Machine Specification"/>
    <property name="sun.os.patch.level" value=""/>
    <property name="native.encoding" value="GBK"/>
    <property name="java.library.path" value="D:\Java\bin;C:\Windows\Sun\Java\bin;C:\Windows\system32;C:\Windows;c:\Users\Yu&apos;S&apos;hui&apos;shen\AppData\Local\Programs\cursor\resources\app\bin;D:\pythonRlease\Scripts\;D:\pythonRlease\;D:\VM\bin\;C:\Program Files\Common Files\Oracle\Java\javapath;C:\Windows\system32;C:\Windows;C:\Windows\System32\Wbem;C:\Windows\System32\WindowsPowerShell\v1.0\;C:\Windows\System32\OpenSSH\;C:\Program Files\Microsoft SQL Server\Client SDK\ODBC\110\Tools\Binn\;C:\Program Files (x86)\Microsoft SQL Server\120\Tools\Binn\;C:\Program Files\Microsoft SQL Server\120\Tools\Binn\;C:\Program Files\Microsoft SQL Server\120\DTS\Binn\;C:\Program Files (x86)\Windows Kits\8.1\Windows Performance Toolkit\;D:\Java\bin;C:\Program Files\NVIDIA Corporation\Nsight Compute 2023.1.0\;C:\Program Files\NVIDIA GPU Computing Toolkit\CUDA\v12.1\bin;C:\Program Files\NVIDIA GPU Computing Toolkit\CUDA\v12.1\include;C:\Program Files\NVI;c:\Users\Yu&apos;S&apos;hui&apos;shen\AppData\Local\Programs\cursor\resources\app\bin;D:\SoftPackage\Redis-x64-5.0.14.1;D:\SoftPackage\OpenSSL-Win64\bin;D:\Mysql\bin;C:\Program Files\NVIDIA Corporation\NVIDIA app\NvDLISR;D:\SoftPackage\Git\cmd;d:\SoftPackage\Trae CN\bin;D:\pycharm\Scripts\;D:\pycharm\;C:\Users\Yu&apos;S&apos;hui&apos;shen\AppData\Local\Microsoft\WindowsApps;D:\vscode\Microsoft VS Code\bin;C:\Program Files\NVIDIA GPU Computing Toolkit\CUDA\v11.7\bin;D:\余水深\pycharm\PyCharm 2023.1.1\bin;;D:\余水深\pycharm\PyCharm Community Edition 2023.1.1\bin;;C:\Users\Yu&apos;S&apos;hui&apos;shen\AppData\Local\Programs\Ollama;D:\Dev c++\Dev-Cpp\MinGW64\bin;D:\datagrip\DataGrip 2024.2.2\bin;;D:\mysql_workbench\MySQLWorkbench.exe;D:\node.js\node_global;D:\terminal\WindowsTerminal.exe;D:\IntelliJ IDEA 2024.1.4\bin;;D:\tomcatandmaven\apache-tomcat-10.1.28-windows-x64\apache-tomcat-10.1.28\bin;D:\tomcatandmaven\apache-maven-3.9.9-bin\apache-maven-3.9.9\bin;E:\NVM\nvm;E:\NVM\nodejs;D:\SoftPackage\Redis-x64-5.0.14.1;D:\SoftPackage\OpenSSL-Win64\bin;D:\Mysql\bin;."/>
    <property name="java.vm.info" value="mixed mode, sharing"/>
    <property name="java.vendor" value="Oracle Corporation"/>
    <property name="java.vm.version" value="17.0.6+9-LTS-190"/>
    <property name="sun.io.unicode.encoding" value="UnicodeLittle"/>
    <property name="maven.repo.local" value="D:\tomcatandmaven\apache-maven-3.9.9-bin\maven-repository"/>
    <property name="java.class.version" value="61.0"/>
  </properties>
  <testcase name="" classname="dubbo_seata.dubbo_common.DubboCommonApplicationTests" time="0.131">
    <error message="Could not load TestContextBootstrapper [class org.springframework.boot.test.context.SpringBootTestContextBootstrapper]. Specify @BootstrapWith&apos;s &apos;value&apos; attribute or make the default bootstrapper class available." type="java.lang.IllegalStateException"><![CDATA[java.lang.IllegalStateException: Could not load TestContextBootstrapper [class org.springframework.boot.test.context.SpringBootTestContextBootstrapper]. Specify @BootstrapWith's 'value' attribute or make the default bootstrapper class available.
	at org.springframework.test.context.BootstrapUtils.resolveTestContextBootstrapper(BootstrapUtils.java:155)
	at org.springframework.test.context.TestContextManager.<init>(TestContextManager.java:122)
	at org.springframework.test.context.junit.jupiter.SpringExtension.getTestContextManager(SpringExtension.java:294)
	at org.springframework.test.context.junit.jupiter.SpringExtension.beforeAll(SpringExtension.java:113)
	at java.base/java.util.ArrayList.forEach(ArrayList.java:1511)
Caused by: org.springframework.beans.BeanInstantiationException: Failed to instantiate [org.springframework.boot.test.context.SpringBootTestContextBootstrapper]: Unresolvable class definition; nested exception is java.lang.NoClassDefFoundError: org/springframework/test/context/aot/AotTestAttributes
	at org.springframework.beans.BeanUtils.instantiateClass(BeanUtils.java:158)
	at org.springframework.beans.BeanUtils.instantiateClass(BeanUtils.java:178)
	at org.springframework.test.context.BootstrapUtils.resolveTestContextBootstrapper(BootstrapUtils.java:147)
	... 4 more
Caused by: java.lang.NoClassDefFoundError: org/springframework/test/context/aot/AotTestAttributes
	at java.base/java.lang.Class.getDeclaredConstructors0(Native Method)
	at java.base/java.lang.Class.privateGetDeclaredConstructors(Class.java:3373)
	at java.base/java.lang.Class.getConstructor0(Class.java:3578)
	at java.base/java.lang.Class.getDeclaredConstructor(Class.java:2754)
	at org.springframework.beans.BeanUtils.instantiateClass(BeanUtils.java:148)
	... 6 more
Caused by: java.lang.ClassNotFoundException: org.springframework.test.context.aot.AotTestAttributes
	at java.base/jdk.internal.loader.BuiltinClassLoader.loadClass(BuiltinClassLoader.java:641)
	at java.base/jdk.internal.loader.ClassLoaders$AppClassLoader.loadClass(ClassLoaders.java:188)
	at java.base/java.lang.ClassLoader.loadClass(ClassLoader.java:520)
	... 11 more
]]></error>
  </testcase>
</testsuite>